c:\hlocal\proyectosogrevc15x86\ig2app\x64\debug\vc141.pdb
c:\hlocal\proyectosogrevc15x86\ig2app\x64\debug\vc141.idb
c:\hlocal\proyectosogrevc15x86\ig2app\x64\debug\ig2app.obj
c:\hlocal\proyectosogrevc15x86\ig2app\x64\debug\ig2main.obj
c:\hlocal\proyectosogrevc15x86\ig2app\x64\debug\ig2applicationcontext.obj
d:\pablo universidad\prácticas\ig ii\ig-ii-practica0\ig2app\x64\debug\vc141.pdb
d:\pablo universidad\prácticas\ig ii\ig-ii-practica0\ig2app\x64\debug\vc141.idb
d:\pablo universidad\prácticas\ig ii\ig-ii-practica0\ig2app\x64\debug\toy.obj
d:\pablo universidad\prácticas\ig ii\ig-ii-practica0\ig2app\x64\debug\ig2app.obj
d:\pablo universidad\prácticas\ig ii\ig-ii-practica0\ig2app\x64\debug\ig2main.obj
d:\pablo universidad\prácticas\ig ii\ig-ii-practica0\ig2app\x64\debug\ig2applicationcontext.obj
c:\hlocal\ig2\ig-ii-practica0\ig2app\x64\debug\vc141.pdb
c:\hlocal\ig2\ig-ii-practica0\ig2app\x64\debug\vc141.idb
c:\hlocal\ig2\ig-ii-practica0\ig2app\x64\debug\toy.obj
c:\hlocal\ig2\ig-ii-practica0\ig2app\x64\debug\ig2app.obj
c:\hlocal\ig2\ig-ii-practica0\ig2app\x64\debug\ig2main.obj
c:\hlocal\ig2\ig-ii-practica0\ig2app\x64\debug\ig2applicationcontext.obj
c:\users\maria\desktop\ogre_ig2\ig-ii-practica0\ig2app\x64\debug\vc141.pdb
c:\users\maria\desktop\ogre_ig2\ig-ii-practica0\ig2app\x64\debug\vc141.idb
c:\users\maria\desktop\ogre_ig2\ig-ii-practica0\ig2app\x64\debug\toy.obj
c:\users\maria\desktop\ogre_ig2\ig-ii-practica0\ig2app\x64\debug\sinbad.obj
c:\users\maria\desktop\ogre_ig2\ig-ii-practica0\ig2app\x64\debug\plane.obj
c:\users\maria\desktop\ogre_ig2\ig-ii-practica0\ig2app\x64\debug\ig2app.obj
c:\users\maria\desktop\ogre_ig2\ig-ii-practica0\ig2app\x64\debug\ig2main.obj
c:\users\maria\desktop\ogre_ig2\ig-ii-practica0\ig2app\x64\debug\ig2applicationcontext.obj
c:\users\maria\desktop\ogre_ig2\ig-ii-practica0\ig2app\x64\debug\bomb.obj
e:\pablo universidad\prácticas\ig ii\ig-ii-practica0\ig2app\x64\debug\vc141.pdb
e:\pablo universidad\prácticas\ig ii\ig-ii-practica0\ig2app\x64\debug\vc141.idb
e:\pablo universidad\prácticas\ig ii\ig-ii-practica0\ig2app\x64\debug\toy.obj
e:\pablo universidad\prácticas\ig ii\ig-ii-practica0\ig2app\x64\debug\sinbad.obj
e:\pablo universidad\prácticas\ig ii\ig-ii-practica0\ig2app\x64\debug\plane.obj
e:\pablo universidad\prácticas\ig ii\ig-ii-practica0\ig2app\x64\debug\ig2app.obj
e:\pablo universidad\prácticas\ig ii\ig-ii-practica0\ig2app\x64\debug\ig2main.obj
e:\pablo universidad\prácticas\ig ii\ig-ii-practica0\ig2app\x64\debug\ig2applicationcontext.obj
e:\pablo universidad\prácticas\ig ii\ig-ii-practica0\ig2app\x64\debug\bomb.obj
d:\universidad\ig-ii-practica0\ig2app\x64\debug\vc141.pdb
d:\universidad\ig-ii-practica0\ig2app\x64\debug\vc141.idb
d:\universidad\ig-ii-practica0\ig2app\x64\debug\sinbad.obj
d:\universidad\ig-ii-practica0\ig2app\x64\debug\plane.obj
d:\universidad\ig-ii-practica0\ig2app\x64\debug\ig2applicationcontext.obj
d:\universidad\ig-ii-practica0\ig2app\x64\debug\bomb.obj
d:\universidad\ig-ii-practica0\ig2app\x64\debug\toy.obj
d:\universidad\ig-ii-practica0\ig2app\x64\debug\ig2app.obj
d:\universidad\ig-ii-practica0\ig2app\x64\debug\ig2main.obj
c:\hlocal\ig-ii-practica0\ig2app\x64\debug\ig2app.obj
c:\hlocal\ig-ii-practica0\ig2app\x64\debug\ig2applicationcontext.obj
c:\hlocal\ig-ii-practica0\ig2app\x64\debug\ig2main.obj
c:\hlocal\ig-ii-practica0\ig2app\x64\debug\vc141.idb
c:\hlocal\ig-ii-practica0\ig2app\x64\debug\vc141.pdb
c:\hlocal\ig-ii-practica0\ig2app\x64\debug\ig2app.tlog\cl.command.1.tlog
c:\hlocal\ig-ii-practica0\ig2app\x64\debug\ig2app.tlog\cl.read.1.tlog
c:\hlocal\ig-ii-practica0\ig2app\x64\debug\ig2app.tlog\cl.write.1.tlog
c:\hlocal\ig-ii-practica0\ig2app\x64\debug\ig2app.tlog\link.command.1.tlog
c:\hlocal\ig-ii-practica0\ig2app\x64\debug\ig2app.tlog\link.read.1.tlog
c:\hlocal\ig-ii-practica0\ig2app\x64\debug\ig2app.tlog\link.write.1.tlog
