  Toy.cpp
c:\hlocal\ig-ii-practica0\ogresdk\include\ogre\ogrehardwarebuffer.h(180): warning C4251: 'Ogre::HardwareBuffer::mShadowBuffer': class 'std::unique_ptr<Ogre::HardwareBuffer,std::default_delete<_Ty>>' needs to have dll-interface to be used by clients of class 'Ogre::HardwareBuffer'
          with
          [
              _Ty=Ogre::HardwareBuffer
          ]
  c:\hlocal\ig-ii-practica0\ogresdk\include\ogre\ogrehardwarebuffer.h(180): note: see declaration of 'std::unique_ptr<Ogre::HardwareBuffer,std::default_delete<_Ty>>'
          with
          [
              _Ty=Ogre::HardwareBuffer
          ]
c:\hlocal\ig-ii-practica0\ig2app\objects.h(22): warning C4018: '<': signed/unsigned mismatch
c:\hlocal\ig-ii-practica0\ogresdk\include\ogre\ogretexturemanager.h(409): warning C4251: 'Ogre::TextureManager::mWarningTexture': class 'Ogre::SharedPtr<Ogre::Texture>' needs to have dll-interface to be used by clients of class 'Ogre::TextureManager'
  c:\hlocal\ig-ii-practica0\ogresdk\include\ogre\ogreprerequisites.h(303): note: see declaration of 'Ogre::SharedPtr<Ogre::Texture>'
c:\hlocal\ig-ii-practica0\ogresdk\include\ogre\ogretimer.h(41): warning C4251: 'Ogre::Timer::start': class 'std::chrono::time_point<std::chrono::steady_clock,std::chrono::steady_clock::duration>' needs to have dll-interface to be used by clients of class 'Ogre::Timer'
  c:\software\programacion\msvstudio2017\vc\tools\msvc\14.15.26726\include\chrono(795): note: see declaration of 'std::chrono::time_point<std::chrono::steady_clock,std::chrono::steady_clock::duration>'
c:\hlocal\ig-ii-practica0\ig2app\toy.cpp(11): warning C4305: 'argument': truncation from 'double' to 'Ogre::Real'
c:\hlocal\ig-ii-practica0\ig2app\toy.cpp(21): warning C4305: 'argument': truncation from 'double' to 'Ogre::Real'
c:\hlocal\ig-ii-practica0\ig2app\toy.cpp(29): warning C4305: 'argument': truncation from 'double' to 'Ogre::Real'
c:\hlocal\ig-ii-practica0\ig2app\toy.cpp(45): warning C4305: 'argument': truncation from 'double' to 'Ogre::Real'
c:\hlocal\ig-ii-practica0\ig2app\toy.cpp(95): warning C4305: 'argument': truncation from 'double' to 'Ogre::Real'
  Generating code
  1 of 887 functions ( 0.1%) were compiled, the rest were copied from previous compilation.
    0 functions were new in current compilation
    1 functions had inline decision re-evaluated but remain unchanged
  Finished generating code
SDL2main.lib(SDL_windows_main.obj) : warning LNK4099: PDB 'SDL2main.pdb' was not found with 'SDL2main.lib(SDL_windows_main.obj)' or at 'C:\hlocal\Ig-II-Practica0\bin\SDL2main.pdb'; linking object as if no debug info
  IG2App.vcxproj -> C:\hlocal\Ig-II-Practica0\bin\IG2AppRelease.exe
