c:\users\pablo\downloads\ig2maria\ig2maria\ig-ii-practica0\ig2app\release\vc141.pdb
c:\users\pablo\downloads\ig2maria\ig2maria\ig-ii-practica0\ig2app\release\toy.obj
c:\users\pablo\downloads\ig2maria\ig2maria\ig-ii-practica0\ig2app\release\sinbad.obj
c:\users\pablo\downloads\ig2maria\ig2maria\ig-ii-practica0\ig2app\release\plane.obj
c:\users\pablo\downloads\ig2maria\ig2maria\ig-ii-practica0\ig2app\release\objects.obj
c:\users\pablo\downloads\ig2maria\ig2maria\ig-ii-practica0\ig2app\release\ig2main.obj
c:\users\pablo\downloads\ig2maria\ig2maria\ig-ii-practica0\ig2app\release\ig2applicationcontext.obj
c:\users\pablo\downloads\ig2maria\ig2maria\ig-ii-practica0\ig2app\release\bomb.obj
c:\users\pablo\downloads\ig2maria\ig2maria\ig-ii-practica0\ig2app\release\ig2app.obj
c:\users\pablo\downloads\ig2maria\ig2maria\ig-ii-practica0\bin\ig2apprelease.ipdb
c:\users\pablo\downloads\ig2maria\ig2maria\ig-ii-practica0\bin\ig2apprelease.iobj
c:\users\pablo\downloads\ig2maria\ig2maria\ig-ii-practica0\bin\ig2apprelease.exe
c:\users\pablo\downloads\ig2maria\ig2maria\ig-ii-practica0\bin\ig2apprelease.pdb
c:\users\pablo\downloads\ig2maria\ig2maria\ig-ii-practica0\ig2app\release\ig2app.tlog\cl.command.1.tlog
c:\users\pablo\downloads\ig2maria\ig2maria\ig-ii-practica0\ig2app\release\ig2app.tlog\cl.read.1.tlog
c:\users\pablo\downloads\ig2maria\ig2maria\ig-ii-practica0\ig2app\release\ig2app.tlog\cl.write.1.tlog
c:\users\pablo\downloads\ig2maria\ig2maria\ig-ii-practica0\ig2app\release\ig2app.tlog\ig2app.write.1u.tlog
c:\users\pablo\downloads\ig2maria\ig2maria\ig-ii-practica0\ig2app\release\ig2app.tlog\link.command.1.tlog
c:\users\pablo\downloads\ig2maria\ig2maria\ig-ii-practica0\ig2app\release\ig2app.tlog\link.read.1.tlog
c:\users\pablo\downloads\ig2maria\ig2maria\ig-ii-practica0\ig2app\release\ig2app.tlog\link.write.1.tlog
